--------------------------------------------------------------------------------
Release 14.7 Trace  (nt64)
Copyright (c) 1995-2013 Xilinx, Inc.  All rights reserved.

C:\Xilinx\14.7\ISE_DS\ISE\bin\nt64\unwrapped\trce.exe -intstyle ise -v 3 -s 5
-n 3 -fastpaths -xml Top.twx Top.ncd -o Top.twr Top.pcf -ucf Top.ucf

Design file:              Top.ncd
Physical constraint file: Top.pcf
Device,package,speed:     xc3s100e,cp132,-5 (PRODUCTION 1.27 2013-10-13)
Report level:             verbose report

Environment Variable      Effect 
--------------------      ------ 
NONE                      No environment variables were set
--------------------------------------------------------------------------------

INFO:Timing:2698 - No timing constraints found, doing default enumeration.
INFO:Timing:3412 - To improve timing, see the Timing Closure User Guide (UG612).
INFO:Timing:2752 - To get complete path coverage, use the unconstrained paths 
   option. All paths that are not constrained will be reported in the 
   unconstrained paths section(s) of the report.
INFO:Timing:3339 - The clock-to-out numbers in this timing report are based on 
   a 50 Ohm transmission line loading model.  For the details of this model, 
   and for more information on accounting for different loading conditions, 
   please see the device datasheet.
INFO:Timing:3390 - This architecture does not support a default System Jitter 
   value, please add SYSTEM_JITTER constraint to the UCF to modify the Clock 
   Uncertainty calculation.
INFO:Timing:3389 - This architecture does not support 'Discrete Jitter' and 
   'Phase Error' calculations, these terms will be zero in the Clock 
   Uncertainty calculation.  Please make appropriate modification to 
   SYSTEM_JITTER to account for the unsupported Discrete Jitter and Phase 
   Error.



Data Sheet report:
-----------------
All values displayed in nanoseconds (ns)

Setup/Hold to clock PS2C
------------+------------+------------+------------------+--------+
            |Max Setup to|Max Hold to |                  | Clock  |
Source      | clk (edge) | clk (edge) |Internal Clock(s) | Phase  |
------------+------------+------------+------------------+--------+
PS2D        |    1.294(F)|    2.116(F)|PS2C_BUFGP        |   0.000|
------------+------------+------------+------------------+--------+

Clock clk to Pad
------------+------------+------------------+--------+
            | clk (edge) |                  | Clock  |
Destination |   to PAD   |Internal Clock(s) | Phase  |
------------+------------+------------------+--------+
NOTEF       |    8.370(R)|clk_BUFGP         |   0.000|
------------+------------+------------------+--------+

Clock to Setup on destination clock PS2C
---------------+---------+---------+---------+---------+
               | Src:Rise| Src:Fall| Src:Rise| Src:Fall|
Source Clock   |Dest:Rise|Dest:Rise|Dest:Fall|Dest:Fall|
---------------+---------+---------+---------+---------+
PS2C           |         |         |         |    4.927|
---------------+---------+---------+---------+---------+

Clock to Setup on destination clock clk
---------------+---------+---------+---------+---------+
               | Src:Rise| Src:Fall| Src:Rise| Src:Fall|
Source Clock   |Dest:Rise|Dest:Rise|Dest:Fall|Dest:Fall|
---------------+---------+---------+---------+---------+
PS2C           |         |    6.887|         |         |
clk            |    4.847|         |         |         |
---------------+---------+---------+---------+---------+


Analysis completed Fri Apr 29 18:57:56 2022 
--------------------------------------------------------------------------------

Trace Settings:
-------------------------
Trace Settings 

Peak Memory Usage: 4503 MB



